<?xml version="1.0" encoding="UTF-8"?>
<!-- Generated by org.testng.reporters.JUnitReportReporter -->
<testsuite hostname="win" failures="0" tests="1" name="validateTest.StaticImport" time="6.943" errors="0" timestamp="2024-01-31T22:18:05 IST" skipped="0">
  <testcase classname="validateTest.StaticImport" name="verifyBoardInBDDFormat" time="6.943"/>
  <system-out/>
</testsuite> <!-- validateTest.StaticImport -->
