<?xml version="1.0" encoding="UTF-8"?>
<!-- Generated by org.testng.reporters.JUnitReportReporter -->
<testsuite hostname="win" failures="0" tests="3" name="com.restAssured.training.post.CreateCardUsingFaker" time="5.457" errors="0" timestamp="2024-01-31T22:47:27 IST" skipped="0">
  <testcase classname="com.restAssured.training.post.CreateCardUsingFaker" name="getAllCards" time="0.010"/>
  <system-out/>
  <testcase classname="com.restAssured.training.post.CreateCardUsingFaker" name="createCard" time="5.439"/>
  <system-out/>
  <testcase classname="com.restAssured.training.post.CreateCardUsingFaker" name="deleteCards" time="0.008"/>
  <system-out/>
</testsuite> <!-- com.restAssured.training.post.CreateCardUsingFaker -->
