<?xml version="1.0" encoding="UTF-8"?>
<!-- Generated by org.testng.reporters.JUnitReportReporter -->
<testsuite hostname="win" failures="0" tests="1" name="com.restAssured.training.post.CreateCard" time="4.842" errors="0" timestamp="2024-01-31T14:43:05 IST" skipped="0">
  <testcase classname="com.restAssured.training.post.CreateCard" name="createBoard" time="4.842"/>
  <system-out/>
</testsuite> <!-- com.restAssured.training.post.CreateCard -->
