<?xml version="1.0" encoding="UTF-8"?>
<!-- Generated by org.testng.reporters.JUnitReportReporter -->
<testsuite hostname="win" failures="0" tests="1" name="com.restAssured.training.post.CreateBoard" time="9.770" errors="0" timestamp="2024-01-31T14:41:53 IST" skipped="0">
  <testcase classname="com.restAssured.training.post.CreateBoard" name="createBoard" time="9.770"/>
  <system-out/>
</testsuite> <!-- com.restAssured.training.post.CreateBoard -->
