<?xml version="1.0" encoding="UTF-8"?>
<!-- Generated by org.testng.reporters.JUnitReportReporter -->
<testsuite hostname="win" failures="0" tests="1" name="com.restAssured.taining.get.GetRequestedDemoUsingTestNG" time="4.551" errors="0" timestamp="2024-01-31T11:55:55 IST" skipped="0">
  <testcase classname="com.restAssured.taining.get.GetRequestedDemoUsingTestNG" name="verifyBoardDemo" time="4.551"/>
  <system-out/>
</testsuite> <!-- com.restAssured.taining.get.GetRequestedDemoUsingTestNG -->
