<?xml version="1.0" encoding="UTF-8"?>
<!-- Generated by org.testng.reporters.JUnitReportReporter -->
<testsuite hostname="win" failures="0" tests="1" name="com.restAssured.training.post.CreateList" time="4.424" errors="0" timestamp="2024-01-31T14:42:22 IST" skipped="0">
  <testcase classname="com.restAssured.training.post.CreateList" name="createBoard" time="4.424"/>
  <system-out/>
</testsuite> <!-- com.restAssured.training.post.CreateList -->
