<?xml version="1.0" encoding="UTF-8"?>
<!-- Generated by org.testng.reporters.JUnitReportReporter -->
<testsuite hostname="win" failures="0" tests="1" name="validateTest.ConstantDemo" time="5.394" errors="0" timestamp="2024-01-31T22:18:52 IST" skipped="0">
  <testcase classname="validateTest.ConstantDemo" name="verifyBoardInBDDFormat" time="5.394"/>
  <system-out/>
</testsuite> <!-- validateTest.ConstantDemo -->
