<?xml version="1.0" encoding="UTF-8"?>
<!-- Generated by org.testng.reporters.JUnitReportReporter -->
<testsuite hostname="win" failures="0" tests="1" name="com.verifyBoard.VerifyingBoard" time="6.840" errors="0" timestamp="2024-01-31T22:01:45 IST" skipped="0">
  <testcase classname="com.verifyBoard.VerifyingBoard" name="verifyBoardInBDDFormat" time="6.840"/>
  <system-out/>
</testsuite> <!-- com.verifyBoard.VerifyingBoard -->
