<?xml version="1.0" encoding="UTF-8"?>
<!-- Generated by org.testng.reporters.JUnitReportReporter -->
<testsuite hostname="win" failures="0" tests="4" name="com.restAssured.training.response.jayway.JayawayDemo" time="0.234" errors="0" timestamp="2024-02-01T10:34:49 IST" skipped="0">
  <testcase classname="com.restAssured.training.response.jayway.JayawayDemo" name="printMapGreaterThanWidth1000s" time="0.042"/>
  <system-out/>
  <testcase classname="com.restAssured.training.response.jayway.JayawayDemo" name="printAllBGDetails" time="0.159"/>
  <system-out/>
  <testcase classname="com.restAssured.training.response.jayway.JayawayDemo" name="printFirstBGImgeDetails" time="0.013"/>
  <system-out/>
  <testcase classname="com.restAssured.training.response.jayway.JayawayDemo" name="printID" time="0.020"/>
  <system-out/>
</testsuite> <!-- com.restAssured.training.response.jayway.JayawayDemo -->
