<?xml version="1.0" encoding="UTF-8"?>
<!-- Generated by org.testng.reporters.JUnitReportReporter -->
<testsuite hostname="win" failures="0" tests="3" name="com.restAssured.taining.get.GetRequestWithDifferentFormat" time="5.390" errors="0" timestamp="2024-01-31T22:39:12 IST" skipped="0">
  <testcase classname="com.restAssured.taining.get.GetRequestWithDifferentFormat" name="verifyBoardDemo" time="4.110"/>
  <system-out/>
  <testcase classname="com.restAssured.taining.get.GetRequestWithDifferentFormat" name="verifyBoardInGivenExpectFormat" time="0.490"/>
  <system-out/>
  <testcase classname="com.restAssured.taining.get.GetRequestWithDifferentFormat" name="verifyBoardUsingRestAssuredFormat" time="0.790"/>
  <system-out/>
</testsuite> <!-- com.restAssured.taining.get.GetRequestWithDifferentFormat -->
